2020-04-15 07:01:40,622 [line:245] : INFO 1登录成功
2020-04-15 07:01:55,129 [line:75] : INFO 1添加记录：{'date': '1', 'name': '1', 'thing': '1'}
2020-04-15 07:01:55,129 [line:75] : INFO 1添加记录：{'date': '1', 'name': '1', 'thing': '1'}
2020-04-15 07:03:11,355 [line:245] : INFO 1登录成功
2020-04-15 07:04:08,437 [line:245] : INFO 1登录成功
2020-04-15 07:05:17,242 [line:245] : INFO 1登录成功
2020-04-15 07:07:15,129 [line:245] : INFO 1登录成功
2020-04-15 07:08:09,779 [line:246] : INFO 1登录成功
2020-04-15 07:08:55,852 [line:247] : INFO 1登录成功
2020-04-15 07:09:17,502 [line:247] : INFO 1登录成功
2020-04-15 07:13:12,321 [line:245] : INFO 1登录成功
2020-04-15 07:13:45,923 [line:245] : INFO 1登录成功
2020-04-15 07:13:47,941 [line:75] : INFO 1添加记录：None
2020-04-15 07:13:47,941 [line:75] : INFO 1添加记录：None
2020-04-15 07:14:15,058 [line:245] : INFO 1登录成功
2020-04-15 07:25:29,559 [line:245] : INFO 1登录成功
2020-04-15 07:29:25,630 [line:244] : INFO 1登录成功
2020-04-15 07:29:29,270 [line:145] : INFO 1查询记录
2020-04-15 07:29:29,270 [line:145] : INFO 1查询记录
2020-04-15 07:32:01,232 [line:248] : INFO 1登录成功
2020-04-15 07:32:02,680 [line:146] : INFO 1查询记录
2020-04-15 07:32:02,680 [line:146] : INFO 1查询记录
2020-04-15 07:36:48,426 [line:254] : INFO 1登录成功
2020-04-15 07:38:50,371 [line:254] : INFO 1登录成功
2020-04-15 07:39:57,681 [line:254] : INFO 1登录成功
2020-04-15 07:41:08,891 [line:254] : INFO 1登录成功
2020-04-15 07:42:32,332 [line:80] : INFO 1添加记录：{'date': '2020-04-15 07:41:14', 'name': 'a', 'thing': 'a'}
2020-04-15 07:42:32,332 [line:80] : INFO 1添加记录：{'date': '2020-04-15 07:41:14', 'name': 'a', 'thing': 'a'}
2020-04-15 07:42:44,596 [line:80] : INFO 1添加记录：{'date': '2020-04-16 07:41:14', 'name': 'b', 'thing': 'b'}
2020-04-15 07:42:44,596 [line:80] : INFO 1添加记录：{'date': '2020-04-16 07:41:14', 'name': 'b', 'thing': 'b'}
2020-04-15 07:42:44,596 [line:80] : INFO 1添加记录：{'date': '2020-04-16 07:41:14', 'name': 'b', 'thing': 'b'}
2020-04-15 07:43:02,222 [line:80] : INFO 1添加记录：{'date': '2020-05-15 07:41:14', 'name': 'c', 'thing': 'c'}
2020-04-15 07:43:02,222 [line:80] : INFO 1添加记录：{'date': '2020-05-15 07:41:14', 'name': 'c', 'thing': 'c'}
2020-04-15 07:43:02,222 [line:80] : INFO 1添加记录：{'date': '2020-05-15 07:41:14', 'name': 'c', 'thing': 'c'}
2020-04-15 07:43:02,222 [line:80] : INFO 1添加记录：{'date': '2020-05-15 07:41:14', 'name': 'c', 'thing': 'c'}
2020-04-15 07:43:11,548 [line:80] : INFO 1添加记录：{'date': '2020-05-16 07:41:14', 'name': 'd', 'thing': 'd'}
2020-04-15 07:43:11,548 [line:80] : INFO 1添加记录：{'date': '2020-05-16 07:41:14', 'name': 'd', 'thing': 'd'}
2020-04-15 07:43:11,548 [line:80] : INFO 1添加记录：{'date': '2020-05-16 07:41:14', 'name': 'd', 'thing': 'd'}
2020-04-15 07:43:11,548 [line:80] : INFO 1添加记录：{'date': '2020-05-16 07:41:14', 'name': 'd', 'thing': 'd'}
2020-04-15 07:43:11,548 [line:80] : INFO 1添加记录：{'date': '2020-05-16 07:41:14', 'name': 'd', 'thing': 'd'}
2020-04-15 07:43:23,240 [line:80] : INFO 1添加记录：{'date': '2020-06-15 07:41:14', 'name': 'e', 'thing': 'e'}
2020-04-15 07:43:23,240 [line:80] : INFO 1添加记录：{'date': '2020-06-15 07:41:14', 'name': 'e', 'thing': 'e'}
2020-04-15 07:43:23,240 [line:80] : INFO 1添加记录：{'date': '2020-06-15 07:41:14', 'name': 'e', 'thing': 'e'}
2020-04-15 07:43:23,240 [line:80] : INFO 1添加记录：{'date': '2020-06-15 07:41:14', 'name': 'e', 'thing': 'e'}
2020-04-15 07:43:23,240 [line:80] : INFO 1添加记录：{'date': '2020-06-15 07:41:14', 'name': 'e', 'thing': 'e'}
2020-04-15 07:43:23,240 [line:80] : INFO 1添加记录：{'date': '2020-06-15 07:41:14', 'name': 'e', 'thing': 'e'}
2020-04-15 07:43:32,721 [line:80] : INFO 1添加记录：{'date': '2020-06-16 07:41:14', 'name': 'f', 'thing': 'f'}
2020-04-15 07:43:32,721 [line:80] : INFO 1添加记录：{'date': '2020-06-16 07:41:14', 'name': 'f', 'thing': 'f'}
2020-04-15 07:43:32,721 [line:80] : INFO 1添加记录：{'date': '2020-06-16 07:41:14', 'name': 'f', 'thing': 'f'}
2020-04-15 07:43:32,721 [line:80] : INFO 1添加记录：{'date': '2020-06-16 07:41:14', 'name': 'f', 'thing': 'f'}
2020-04-15 07:43:32,721 [line:80] : INFO 1添加记录：{'date': '2020-06-16 07:41:14', 'name': 'f', 'thing': 'f'}
2020-04-15 07:43:32,721 [line:80] : INFO 1添加记录：{'date': '2020-06-16 07:41:14', 'name': 'f', 'thing': 'f'}
2020-04-15 07:43:32,721 [line:80] : INFO 1添加记录：{'date': '2020-06-16 07:41:14', 'name': 'f', 'thing': 'f'}
2020-04-15 07:47:41,947 [line:256] : INFO 1登录成功
2020-04-15 07:48:49,367 [line:256] : INFO 1登录成功
2020-04-15 07:49:45,771 [line:256] : INFO 1登录成功
2020-04-15 07:49:49,130 [line:151] : INFO 1查询记录
2020-04-15 07:49:49,130 [line:151] : INFO 1查询记录
2020-04-15 07:50:44,971 [line:257] : INFO 1登录成功
2020-04-15 07:50:48,116 [line:152] : INFO 1查询记录
2020-04-15 07:50:48,116 [line:152] : INFO 1查询记录
2020-04-15 07:51:40,996 [line:258] : INFO 1登录成功
2020-04-15 07:51:44,544 [line:153] : INFO 1查询记录
2020-04-15 07:51:44,544 [line:153] : INFO 1查询记录
2020-04-15 07:52:59,357 [line:258] : INFO 1登录成功
2020-04-15 07:53:02,520 [line:153] : INFO 1查询记录
2020-04-15 07:53:02,520 [line:153] : INFO 1查询记录
2020-04-15 07:54:31,631 [line:258] : INFO 1登录成功
2020-04-15 07:55:36,057 [line:259] : INFO 1登录成功
2020-04-15 07:56:14,277 [line:259] : INFO 1登录成功
2020-04-15 07:56:45,474 [line:259] : INFO 1登录成功
2020-04-15 07:57:58,330 [line:259] : INFO 1登录成功
2020-04-15 07:59:01,150 [line:257] : INFO 1登录成功
2020-04-15 07:59:37,497 [line:258] : INFO 1登录成功
2020-04-15 08:00:08,790 [line:259] : INFO 1登录成功
2020-04-15 08:00:20,251 [line:131] : INFO 1删除记录操作不对
2020-04-15 08:00:20,251 [line:131] : INFO 1删除记录操作不对
2020-04-15 08:00:37,157 [line:259] : INFO 1登录成功
2020-04-15 08:00:54,783 [line:260] : INFO 1登录成功
2020-04-15 08:01:16,497 [line:260] : INFO 1登录成功
2020-04-15 08:01:30,461 [line:260] : INFO 1登录成功
2020-04-15 08:01:56,137 [line:260] : INFO 1登录成功
2020-04-15 08:02:45,105 [line:257] : INFO 1登录成功
2020-04-15 08:03:25,762 [line:258] : INFO 1登录成功
2020-04-15 08:03:43,390 [line:258] : INFO 1登录成功
2020-04-15 08:04:01,851 [line:258] : INFO 1登录成功
2020-04-16 09:14:00,738 [line:257] : INFO 1登录成功
2020-04-16 09:14:25,961 [line:152] : INFO 1查询记录
2020-04-16 09:14:25,961 [line:152] : INFO 1查询记录
2020-04-20 07:35:39,870 [line:247] : INFO 1登录成功
2020-04-20 07:35:41,742 [line:138] : INFO 1查询记录
2020-04-20 07:35:41,742 [line:138] : INFO 1查询记录
2020-04-20 15:45:40,652 [line:248] : INFO 1登录成功
2020-04-20 15:45:46,608 [line:138] : INFO 1查询记录
2020-04-20 15:45:46,608 [line:138] : INFO 1查询记录
2020-04-20 15:47:26,133 [line:249] : INFO 1登录成功
2020-04-20 15:48:14,049 [line:249] : INFO 1登录成功
2020-04-20 15:50:43,807 [line:251] : INFO 1登录成功
2020-04-20 15:51:14,298 [line:251] : INFO 1登录成功
2020-04-20 15:51:36,729 [line:251] : INFO 1登录成功
2020-04-20 15:53:39,747 [line:254] : INFO 1登录成功
2020-04-20 21:53:05,723 [line:272] : INFO 1登录成功
2020-04-20 21:53:54,610 [line:272] : INFO 1登录成功
2020-04-20 22:03:08,535 [line:280] : INFO 1登录成功
2020-04-20 22:05:54,370 [line:280] : INFO 1登录成功
2020-04-20 22:23:08,106 [line:262] : INFO 2注册成功
2020-04-20 22:23:10,882 [line:282] : INFO 2登录成功
2020-04-20 22:23:10,882 [line:282] : INFO 2登录成功
2020-04-20 22:24:38,241 [line:262] : INFO 3注册成功
2020-04-20 22:32:36,431 [line:285] : INFO 1登录成功
2020-04-20 22:35:46,131 [line:285] : INFO 1登录成功
2020-04-20 22:36:41,131 [line:286] : INFO 1登录成功
2020-04-20 22:37:07,623 [line:286] : INFO 1登录成功
